<?xml version="1.0" encoding="UTF-8"?>
<testsuite name="com.example.TP_CarRental.TpCarRentalApplicationTests" tests="1" skipped="0" failures="0" errors="0" timestamp="2019-12-05T20:08:46" hostname="LAPTOP-63UASN1G" time="1.033">
  <properties/>
  <testcase name="contextLoads" classname="com.example.TP_CarRental.TpCarRentalApplicationTests" time="1.033"/>
  <system-out><![CDATA[21:08:39.506 [Test worker] DEBUG org.springframework.test.context.junit4.SpringJUnit4ClassRunner - SpringJUnit4ClassRunner constructor called with [class com.example.TP_CarRental.TpCarRentalApplicationTests]
21:08:39.522 [Test worker] DEBUG org.springframework.test.context.BootstrapUtils - Instantiating CacheAwareContextLoaderDelegate from class [org.springframework.test.context.cache.DefaultCacheAwareContextLoaderDelegate]
21:08:39.538 [Test worker] DEBUG org.springframework.test.context.BootstrapUtils - Instantiating BootstrapContext using constructor [public org.springframework.test.context.support.DefaultBootstrapContext(java.lang.Class,org.springframework.test.context.CacheAwareContextLoaderDelegate)]
21:08:39.578 [Test worker] DEBUG org.springframework.test.context.BootstrapUtils - Instantiating TestContextBootstrapper for test class [com.example.TP_CarRental.TpCarRentalApplicationTests] from class [org.springframework.boot.test.context.SpringBootTestContextBootstrapper]
21:08:39.612 [Test worker] INFO org.springframework.boot.test.context.SpringBootTestContextBootstrapper - Neither @ContextConfiguration nor @ContextHierarchy found for test class [com.example.TP_CarRental.TpCarRentalApplicationTests], using SpringBootContextLoader
21:08:39.612 [Test worker] DEBUG org.springframework.test.context.support.AbstractContextLoader - Did not detect default resource location for test class [com.example.TP_CarRental.TpCarRentalApplicationTests]: class path resource [com/example/TP_CarRental/TpCarRentalApplicationTests-context.xml] does not exist
21:08:39.612 [Test worker] DEBUG org.springframework.test.context.support.AbstractContextLoader - Did not detect default resource location for test class [com.example.TP_CarRental.TpCarRentalApplicationTests]: class path resource [com/example/TP_CarRental/TpCarRentalApplicationTestsContext.groovy] does not exist
21:08:39.612 [Test worker] INFO org.springframework.test.context.support.AbstractContextLoader - Could not detect default resource locations for test class [com.example.TP_CarRental.TpCarRentalApplicationTests]: no resource found for suffixes {-context.xml, Context.groovy}.
21:08:39.627 [Test worker] INFO org.springframework.test.context.support.AnnotationConfigContextLoaderUtils - Could not detect default configuration classes for test class [com.example.TP_CarRental.TpCarRentalApplicationTests]: TpCarRentalApplicationTests does not declare any static, non-private, non-final, nested classes annotated with @Configuration.
21:08:39.716 [Test worker] DEBUG org.springframework.test.context.support.ActiveProfilesUtils - Could not find an 'annotation declaring class' for annotation type [org.springframework.test.context.ActiveProfiles] and class [com.example.TP_CarRental.TpCarRentalApplicationTests]
21:08:39.925 [Test worker] DEBUG org.springframework.context.annotation.ClassPathScanningCandidateComponentProvider - Identified candidate component class: file [D:\DWLD\CLOUD\TP_CRental-master\build\classes\java\main\com\example\TP_CarRental\TpCarRentalApplication.class]
21:08:39.925 [Test worker] INFO org.springframework.boot.test.context.SpringBootTestContextBootstrapper - Found @SpringBootConfiguration com.example.TP_CarRental.TpCarRentalApplication for test class com.example.TP_CarRental.TpCarRentalApplicationTests
21:08:40.204 [Test worker] DEBUG org.springframework.boot.test.context.SpringBootTestContextBootstrapper - @TestExecutionListeners is not present for class [com.example.TP_CarRental.TpCarRentalApplicationTests]: using defaults.
21:08:40.205 [Test worker] INFO org.springframework.boot.test.context.SpringBootTestContextBootstrapper - Loaded default TestExecutionListener class names from location [META-INF/spring.factories]: [org.springframework.boot.test.autoconfigure.restdocs.RestDocsTestExecutionListener, org.springframework.boot.test.autoconfigure.web.client.MockRestServiceServerResetTestExecutionListener, org.springframework.boot.test.autoconfigure.web.servlet.MockMvcPrintOnlyOnFailureTestExecutionListener, org.springframework.boot.test.autoconfigure.web.servlet.WebDriverTestExecutionListener, org.springframework.boot.test.mock.mockito.MockitoTestExecutionListener, org.springframework.boot.test.mock.mockito.ResetMocksTestExecutionListener, org.springframework.test.context.web.ServletTestExecutionListener, org.springframework.test.context.support.DirtiesContextBeforeModesTestExecutionListener, org.springframework.test.context.support.DependencyInjectionTestExecutionListener, org.springframework.test.context.support.DirtiesContextTestExecutionListener, org.springframework.test.context.transaction.TransactionalTestExecutionListener, org.springframework.test.context.jdbc.SqlScriptsTestExecutionListener]
21:08:40.255 [Test worker] DEBUG org.springframework.boot.test.context.SpringBootTestContextBootstrapper - Skipping candidate TestExecutionListener [org.springframework.test.context.transaction.TransactionalTestExecutionListener] due to a missing dependency. Specify custom listener classes or make the default listener classes and their required dependencies available. Offending class: [org/springframework/transaction/interceptor/TransactionAttributeSource]
21:08:40.255 [Test worker] DEBUG org.springframework.boot.test.context.SpringBootTestContextBootstrapper - Skipping candidate TestExecutionListener [org.springframework.test.context.jdbc.SqlScriptsTestExecutionListener] due to a missing dependency. Specify custom listener classes or make the default listener classes and their required dependencies available. Offending class: [org/springframework/transaction/interceptor/TransactionAttribute]
21:08:40.255 [Test worker] INFO org.springframework.boot.test.context.SpringBootTestContextBootstrapper - Using TestExecutionListeners: [org.springframework.test.context.web.ServletTestExecutionListener@41b3686b, org.springframework.test.context.support.DirtiesContextBeforeModesTestExecutionListener@3c0e9b78, org.springframework.boot.test.mock.mockito.MockitoTestExecutionListener@5000988b, org.springframework.boot.test.autoconfigure.SpringBootDependencyInjectionTestExecutionListener@5e386460, org.springframework.test.context.support.DirtiesContextTestExecutionListener@412affc, org.springframework.boot.test.autoconfigure.restdocs.RestDocsTestExecutionListener@4c8f315d, org.springframework.boot.test.autoconfigure.web.client.MockRestServiceServerResetTestExecutionListener@189f2c87, org.springframework.boot.test.autoconfigure.web.servlet.MockMvcPrintOnlyOnFailureTestExecutionListener@5195090, org.springframework.boot.test.autoconfigure.web.servlet.WebDriverTestExecutionListener@14656280, org.springframework.boot.test.mock.mockito.ResetMocksTestExecutionListener@21d5ac88]
21:08:40.268 [Test worker] DEBUG org.springframework.test.annotation.ProfileValueUtils - Retrieved @ProfileValueSourceConfiguration [null] for test class [com.example.TP_CarRental.TpCarRentalApplicationTests]
21:08:40.268 [Test worker] DEBUG org.springframework.test.annotation.ProfileValueUtils - Retrieved ProfileValueSource type [class org.springframework.test.annotation.SystemProfileValueSource] for class [com.example.TP_CarRental.TpCarRentalApplicationTests]
21:08:40.268 [Test worker] DEBUG org.springframework.test.annotation.ProfileValueUtils - Retrieved @ProfileValueSourceConfiguration [null] for test class [com.example.TP_CarRental.TpCarRentalApplicationTests]
21:08:40.268 [Test worker] DEBUG org.springframework.test.annotation.ProfileValueUtils - Retrieved ProfileValueSource type [class org.springframework.test.annotation.SystemProfileValueSource] for class [com.example.TP_CarRental.TpCarRentalApplicationTests]
21:08:40.275 [Test worker] DEBUG org.springframework.test.context.support.AbstractDirtiesContextTestExecutionListener - Before test class: context [DefaultTestContext@50eb1e12 testClass = TpCarRentalApplicationTests, testInstance = [null], testMethod = [null], testException = [null], mergedContextConfiguration = [WebMergedContextConfiguration@7c74b05d testClass = TpCarRentalApplicationTests, locations = '{}', classes = '{class com.example.TP_CarRental.TpCarRentalApplication}', contextInitializerClasses = '[]', activeProfiles = '{}', propertySourceLocations = '{}', propertySourceProperties = '{org.springframework.boot.test.context.SpringBootTestContextBootstrapper=true}', contextCustomizers = set[org.springframework.boot.test.autoconfigure.properties.PropertyMappingContextCustomizer@0, org.springframework.boot.test.autoconfigure.web.servlet.WebDriverContextCustomizerFactory$Customizer@5b9bd196, org.springframework.boot.test.context.filter.ExcludeFilterContextCustomizer@6499e97f, org.springframework.boot.test.json.DuplicateJsonObjectContextCustomizerFactory$DuplicateJsonObjectContextCustomizer@54e3e63, org.springframework.boot.test.mock.mockito.MockitoContextCustomizer@0, org.springframework.boot.test.web.client.TestRestTemplateContextCustomizer@dacef9c], resourceBasePath = 'src/main/webapp', contextLoader = 'org.springframework.boot.test.context.SpringBootContextLoader', parent = [null]], attributes = map['org.springframework.test.context.web.ServletTestExecutionListener.activateListener' -> true]], class annotated with @DirtiesContext [false] with mode [null].
21:08:40.275 [Test worker] DEBUG org.springframework.test.annotation.ProfileValueUtils - Retrieved @ProfileValueSourceConfiguration [null] for test class [com.example.TP_CarRental.TpCarRentalApplicationTests]
21:08:40.275 [Test worker] DEBUG org.springframework.test.annotation.ProfileValueUtils - Retrieved ProfileValueSource type [class org.springframework.test.annotation.SystemProfileValueSource] for class [com.example.TP_CarRental.TpCarRentalApplicationTests]
21:08:40.320 [Test worker] DEBUG org.springframework.test.context.support.TestPropertySourceUtils - Adding inlined properties to environment: {spring.jmx.enabled=false, org.springframework.boot.test.context.SpringBootTestContextBootstrapper=true, server.port=-1}

  .   ____          _            __ _ _
 /\\ / ___'_ __ _ _(_)_ __  __ _ \ \ \ \
( ( )\___ | '_ | '_| | '_ \/ _` | \ \ \ \
 \\/  ___)| |_)| | | | | || (_| |  ) ) ) )
  '  |____| .__|_| |_|_| |_\__, | / / / /
 =========|_|==============|___/=/_/_/_/
 :: Spring Boot ::       (v2.1.10.RELEASE)

2019-12-05 21:08:41.313  INFO 9840 --- [    Test worker] c.e.T.TpCarRentalApplicationTests        : Starting TpCarRentalApplicationTests on LAPTOP-63UASN1G with PID 9840 (started by KNZ in D:\DWLD\CLOUD\TP_CRental-master)
2019-12-05 21:08:41.313  INFO 9840 --- [    Test worker] c.e.T.TpCarRentalApplicationTests        : No active profile set, falling back to default profiles: default
2019-12-05 21:08:46.074  INFO 9840 --- [    Test worker] o.s.s.concurrent.ThreadPoolTaskExecutor  : Initializing ExecutorService 'applicationTaskExecutor'
2019-12-05 21:08:46.869  INFO 9840 --- [    Test worker] c.e.T.TpCarRentalApplicationTests        : Started TpCarRentalApplicationTests in 6.525 seconds (JVM running for 9.801)
]]></system-out>
  <system-err><![CDATA[]]></system-err>
</testsuite>
